<?xml version="1.0" encoding="UTF-8"?>
<testng-results skipped="0" failed="0" ignored="0" total="1" passed="1">
  <reporter-output>
  </reporter-output>
  <suite name="Default suite" duration-ms="4666" started-at="2021-05-05T11:37:13Z" finished-at="2021-05-05T11:37:18Z">
    <groups>
    </groups>
    <test name="Default test" duration-ms="4666" started-at="2021-05-05T11:37:13Z" finished-at="2021-05-05T11:37:18Z">
      <class name="SeleniumPackage.Readexceldata">
        <test-method status="PASS" signature="readWriteExcel()[pri:0, instance:SeleniumPackage.Readexceldata@685cb137]" name="readWriteExcel" duration-ms="4637" started-at="2021-05-05T11:37:13Z" finished-at="2021-05-05T11:37:18Z">
          <reporter-output>
          </reporter-output>
        </test-method> <!-- readWriteExcel -->
      </class> <!-- SeleniumPackage.Readexceldata -->
    </test> <!-- Default test -->
  </suite> <!-- Default suite -->
</testng-results>
